<?xml version="1.0" encoding="UTF-8"?>
<!-- Generated by org.testng.reporters.JUnitReportReporter -->
<testsuite skipped="0" hostname="Rocker" name="code.Tests" tests="1" failures="0" timestamp="09 Oct 2017 16:32:25 GMT" time="6.461" errors="0">
  <testcase name="test1" time="6.461" classname="code.Tests"/>
</testsuite> <!-- code.Tests -->
